<?xml version="1.0" encoding="UTF-8"?>
<testsuite name="weapon.TestStabilizer" tests="1" skipped="0" failures="0" errors="0" timestamp="2021-12-01T02:38:25" hostname="XEN-OMEN" time="0.0">
  <properties/>
  <testcase name="testStabilizerPlasmaCannon" classname="weapon.TestStabilizer" time="0.0"/>
  <system-out><![CDATA[]]></system-out>
  <system-err><![CDATA[]]></system-err>
</testsuite>
