<?xml version="1.0" encoding="UTF-8"?>
<testsuite name="gui.TestCommand" tests="10" skipped="0" failures="0" errors="0" timestamp="2021-12-01T14:52:11" hostname="XEN-OMEN" time="0.038">
  <properties/>
  <testcase name="testAcquireNoWeapon" classname="gui.TestCommand" time="0.013"/>
  <testcase name="testAcquireWeapon" classname="gui.TestCommand" time="0.003"/>
  <testcase name="testDropWeaponSpace" classname="gui.TestCommand" time="0.002"/>
  <testcase name="testMove" classname="gui.TestCommand" time="0.013"/>
  <testcase name="testTurnNorth" classname="gui.TestCommand" time="0.001"/>
  <testcase name="testTurnSouth" classname="gui.TestCommand" time="0.002"/>
  <testcase name="testTurnEast" classname="gui.TestCommand" time="0.001"/>
  <testcase name="testTurnWest" classname="gui.TestCommand" time="0.002"/>
  <testcase name="testDropWeaponNoSpace" classname="gui.TestCommand" time="0.0"/>
  <testcase name="testReload" classname="gui.TestCommand" time="0.001"/>
  <system-out><![CDATA[Error: no weapon in cell
Weapon switched
Drop executed
bob moved to 0, 0
bob facing North
bob facing South
bob facing East
bob facing West
Error: too many weapons in cell
Reload executed
]]></system-out>
  <system-err><![CDATA[]]></system-err>
</testsuite>
