<?xml version="1.0" encoding="UTF-8"?>
<testsuite name="weapon.testChainGun" tests="4" skipped="0" failures="0" errors="0" timestamp="2021-12-01T14:52:16" hostname="XEN-OMEN" time="0.001">
  <properties/>
  <testcase name="testTosString" classname="weapon.testChainGun" time="0.0"/>
  <testcase name="testFire" classname="weapon.testChainGun" time="0.0"/>
  <testcase name="fireNoAmmo" classname="weapon.testChainGun" time="0.001"/>
  <testcase name="fireTooFar" classname="weapon.testChainGun" time="0.0"/>
  <system-out><![CDATA[]]></system-out>
  <system-err><![CDATA[]]></system-err>
</testsuite>
