<?xml version="1.0" encoding="UTF-8"?>
<testsuite name="gameplay.TestSimpleTimer" tests="4" skipped="0" failures="0" errors="0" timestamp="2021-12-01T14:52:11" hostname="XEN-OMEN" time="5.314">
  <properties/>
  <testcase name="testTimeChanged" classname="gameplay.TestSimpleTimer" time="0.001"/>
  <testcase name="testInitialization" classname="gameplay.TestSimpleTimer" time="0.0"/>
  <testcase name="testAddAndDeleteTimeObserver" classname="gameplay.TestSimpleTimer" time="0.001"/>
  <testcase name="testSimpletimerAsThread" classname="gameplay.TestSimpleTimer" time="5.312"/>
  <system-out><![CDATA[]]></system-out>
  <system-err><![CDATA[]]></system-err>
</testsuite>
