<?xml version="1.0" encoding="UTF-8"?>
<testsuite name="weapon.TestGenericWeapon" tests="5" skipped="0" failures="0" errors="0" timestamp="2021-12-01T14:52:16" hostname="XEN-OMEN" time="0.006">
  <properties/>
  <testcase name="testFire" classname="weapon.TestGenericWeapon" time="0.005"/>
  <testcase name="testUpdateTime" classname="weapon.TestGenericWeapon" time="0.001"/>
  <testcase name="testMaxRange" classname="weapon.TestGenericWeapon" time="0.0"/>
  <testcase name="testNoAmmo" classname="weapon.TestGenericWeapon" time="0.0"/>
  <testcase name="testReload" classname="weapon.TestGenericWeapon" time="0.0"/>
  <system-out><![CDATA[]]></system-out>
  <system-err><![CDATA[]]></system-err>
</testsuite>
