<?xml version="1.0" encoding="UTF-8"?>
<testsuite name="state.TestDeadState" tests="2" skipped="0" failures="0" errors="0" timestamp="2021-12-01T14:52:11" hostname="XEN-OMEN" time="0.004">
  <properties/>
  <testcase name="testWithNoWeapon" classname="state.TestDeadState" time="0.004"/>
  <testcase name="testWithWeapon" classname="state.TestDeadState" time="0.0"/>
  <system-out><![CDATA[]]></system-out>
  <system-err><![CDATA[]]></system-err>
</testsuite>
