<?xml version="1.0" encoding="UTF-8"?>
<testsuite name="weapon.TestPowerBooster" tests="6" skipped="0" failures="0" errors="0" timestamp="2021-12-01T14:52:16" hostname="XEN-OMEN" time="0.008">
  <properties/>
  <testcase name="testChainGunPowerBooster" classname="weapon.TestPowerBooster" time="0.0"/>
  <testcase name="testChainGunPowerBoosterScope" classname="weapon.TestPowerBooster" time="0.001"/>
  <testcase name="testChainGunPowerBoosterPowerBooster" classname="weapon.TestPowerBooster" time="0.0"/>
  <testcase name="testChainGunNoAttachments" classname="weapon.TestPowerBooster" time="0.0"/>
  <testcase name="testChainGunThreeAttachments" classname="weapon.TestPowerBooster" time="0.0"/>
  <testcase name="testChainGunPowerBoosterStabilizer" classname="weapon.TestPowerBooster" time="0.007"/>
  <system-out><![CDATA[39 | 38
38 | 37
37 | 36
36 | 35
35 | 34
34 | 33
33 | 32
32 | 31
31 | 30
30 | 29
29 | 28
28 | 27
27 | 26
26 | 25
25 | 24
24 | 23
23 | 22
22 | 21
21 | 20
20 | 19
19 | 18
18 | 17
17 | 16
16 | 15
15 | 14
14 | 13
13 | 12
12 | 11
11 | 10
10 | 9
9 | 8
8 | 7
7 | 6
6 | 5
5 | 4
4 | 3
3 | 2
2 | 1
]]></system-out>
  <system-err><![CDATA[]]></system-err>
</testsuite>
