<?xml version="1.0" encoding="UTF-8"?>
<testsuite name="state.testAIContext" tests="2" skipped="0" failures="0" errors="0" timestamp="2021-12-01T14:52:16" hostname="XEN-OMEN" time="0.001">
  <properties/>
  <testcase name="testGetStates" classname="state.testAIContext" time="0.0"/>
  <testcase name="testChangeState" classname="state.testAIContext" time="0.001"/>
  <system-out><![CDATA[]]></system-out>
  <system-err><![CDATA[]]></system-err>
</testsuite>
