<?xml version="1.0" encoding="UTF-8"?>
<testsuite name="lifeform.TestCell" tests="8" skipped="0" failures="0" errors="0" timestamp="2021-12-01T14:52:16" hostname="XEN-OMEN" time="0.003">
  <properties/>
  <testcase name="testRemoveLifeForm" classname="lifeform.TestCell" time="0.0"/>
  <testcase name="testWeaponCount" classname="lifeform.TestCell" time="0.0"/>
  <testcase name="testAddLifeForm" classname="lifeform.TestCell" time="0.0"/>
  <testcase name="testCellFull" classname="lifeform.TestCell" time="0.0"/>
  <testcase name="testRemoveWeapon" classname="lifeform.TestCell" time="0.0"/>
  <testcase name="testAddWeapon" classname="lifeform.TestCell" time="0.0"/>
  <testcase name="testInitialization" classname="lifeform.TestCell" time="0.0"/>
  <testcase name="testInitializationWithSingleton" classname="lifeform.TestCell" time="0.001"/>
  <system-out><![CDATA[]]></system-out>
  <system-err><![CDATA[]]></system-err>
</testsuite>
