<?xml version="1.0" encoding="UTF-8"?>
<testsuite name="state.TestNoWeaponState" tests="3" skipped="0" failures="0" errors="0" timestamp="2021-12-01T14:52:16" hostname="XEN-OMEN" time="0.003">
  <properties/>
  <testcase name="testDead" classname="state.TestNoWeaponState" time="0.001"/>
  <testcase name="testNoWeaponInCell" classname="state.TestNoWeaponState" time="0.001"/>
  <testcase name="testWeaponInCell" classname="state.TestNoWeaponState" time="0.0"/>
  <system-out><![CDATA[west
bobmoved
Weapon switched
]]></system-out>
  <system-err><![CDATA[]]></system-err>
</testsuite>
