<?xml version="1.0" encoding="UTF-8"?>
<testsuite name="recovery.TestRecoveryNone" tests="1" skipped="0" failures="0" errors="0" timestamp="2021-12-01T14:52:16" hostname="XEN-OMEN" time="0.001">
  <properties/>
  <testcase name="testRecoveryNone" classname="recovery.TestRecoveryNone" time="0.001"/>
  <system-out><![CDATA[]]></system-out>
  <system-err><![CDATA[]]></system-err>
</testsuite>
