<?xml version="1.0" encoding="UTF-8"?>
<testsuite name="state.TestHasWeaponState" tests="6" skipped="0" failures="0" errors="0" timestamp="2021-12-01T14:52:16" hostname="XEN-OMEN" time="0.003">
  <properties/>
  <testcase name="testSameType" classname="state.TestHasWeaponState" time="0.0"/>
  <testcase name="testDead" classname="state.TestHasWeaponState" time="0.0"/>
  <testcase name="testDifTypeAnd1Shot" classname="state.TestHasWeaponState" time="0.0"/>
  <testcase name="testOutRange" classname="state.TestHasWeaponState" time="0.001"/>
  <testcase name="testDifType" classname="state.TestHasWeaponState" time="0.0"/>
  <testcase name="testNoTarget" classname="state.TestHasWeaponState" time="0.001"/>
  <system-out><![CDATA[]]></system-out>
  <system-err><![CDATA[]]></system-err>
</testsuite>
